<?xml version="1.0" encoding="UTF-8"?>
<!-- Generated by org.testng.reporters.JUnitReportReporter -->
<testsuite hostname="LAPTOP-TEFCBM5F" failures="0" tests="5" name="com.gt.tests.ZippopotamTests" time="6.876" errors="0" timestamp="2021-12-05T18:53:15 IST" skipped="0">
  <testcase classname="com.gt.tests.ZippopotamTests" name="statusCodeTest" time="0.768"/>
  <system-out/>
  <testcase classname="com.gt.tests.ZippopotamTests" name="contentTypeTest" time="2.751"/>
  <system-out/>
  <testcase classname="com.gt.tests.ZippopotamTests" name="validateBodyTest" time="1.539"/>
  <system-out/>
  <testcase classname="com.gt.tests.ZippopotamTests" name="loggingTest" time="0.981"/>
  <system-out/>
  <testcase classname="com.gt.tests.ZippopotamTests" name="validateValueArrayTest" time="0.837"/>
  <system-out/>
</testsuite> <!-- com.gt.tests.ZippopotamTests -->
